<?xml version="1.0" encoding="UTF-8"?>
<!-- Generated by org.testng.reporters.JUnitXMLReporter -->
<testsuite ignored="0" hostname="DESKTOP-U1JCG6A" failures="0" tests="10" name="UrBuddi Testspecs" time="115.113" errors="0" timestamp="2025-02-18T10:12:50 IST">
  <testcase classname="urBuddi.Tests.Test003_Add_Edit_Delete_EmployeeWithEmployeeRoleTestSpec" name="@AfterTest close" time="0.143">
    <failure type="org.openqa.selenium.NoSuchSessionException" message="invalid session id
Build info: version: &amp;apos;4.18.1&amp;apos;, revision: &amp;apos;b1d3319b48&amp;apos;
System info: os.name: &amp;apos;Windows 11&amp;apos;, os.arch: &amp;apos;amd64&amp;apos;, os.version: &amp;apos;10.0&amp;apos;, java.version: &amp;apos;17.0.10&amp;apos;
Driver info: org.openqa.selenium.chrome.ChromeDriver
Command: [46de768d27cb7688aea0ba275fa20382, close {}]
Capabilities {acceptInsecureCerts: false, browserName: chrome, browserVersion: 132.0.6834.197, chrome: {chromedriverVersion: 132.0.6834.159 (2d77d3fc445..., userDataDir: C:\Users\Lenovo\AppData\Loc...}, fedcm:accounts: true, goog:chromeOptions: {debuggerAddress: localhost:51710}, networkConnectionEnabled: false, pageLoadStrategy: normal, platformName: windows, proxy: Proxy(), se:cdp: ws://localhost:51710/devtoo..., se:cdpVersion: 132.0.6834.197, setWindowRect: true, strictFileInteractability: false, timeouts: {implicit: 0, pageLoad: 300000, script: 30000}, unhandledPromptBehavior: dismiss and notify, webauthn:extension:credBlob: true, webauthn:extension:largeBlob: true, webauthn:extension:minPinLength: true, webauthn:extension:prf: true, webauthn:virtualAuthenticators: true}
Session ID: 46de768d27cb7688aea0ba275fa20382">
      <![CDATA[org.openqa.selenium.NoSuchSessionException: invalid session id
Build info: version: '4.18.1', revision: 'b1d3319b48'
System info: os.name: 'Windows 11', os.arch: 'amd64', os.version: '10.0', java.version: '17.0.10'
Driver info: org.openqa.selenium.chrome.ChromeDriver
Command: [46de768d27cb7688aea0ba275fa20382, close {}]
Capabilities {acceptInsecureCerts: false, browserName: chrome, browserVersion: 132.0.6834.197, chrome: {chromedriverVersion: 132.0.6834.159 (2d77d3fc445..., userDataDir: C:\Users\Lenovo\AppData\Loc...}, fedcm:accounts: true, goog:chromeOptions: {debuggerAddress: localhost:51710}, networkConnectionEnabled: false, pageLoadStrategy: normal, platformName: windows, proxy: Proxy(), se:cdp: ws://localhost:51710/devtoo..., se:cdpVersion: 132.0.6834.197, setWindowRect: true, strictFileInteractability: false, timeouts: {implicit: 0, pageLoad: 300000, script: 30000}, unhandledPromptBehavior: dismiss and notify, webauthn:extension:credBlob: true, webauthn:extension:largeBlob: true, webauthn:extension:minPinLength: true, webauthn:extension:prf: true, webauthn:virtualAuthenticators: true}
Session ID: 46de768d27cb7688aea0ba275fa20382
at org.openqa.selenium.remote.ErrorCodec.decode(ErrorCodec.java:167)
at org.openqa.selenium.remote.codec.w3c.W3CHttpResponseCodec.decode(W3CHttpResponseCodec.java:138)
at org.openqa.selenium.remote.codec.w3c.W3CHttpResponseCodec.decode(W3CHttpResponseCodec.java:50)
at org.openqa.selenium.remote.HttpCommandExecutor.execute(HttpCommandExecutor.java:190)
at org.openqa.selenium.remote.service.DriverCommandExecutor.invokeExecute(DriverCommandExecutor.java:216)
at org.openqa.selenium.remote.service.DriverCommandExecutor.execute(DriverCommandExecutor.java:174)
at org.openqa.selenium.remote.RemoteWebDriver.execute(RemoteWebDriver.java:519)
at org.openqa.selenium.remote.RemoteWebDriver.execute(RemoteWebDriver.java:592)
at org.openqa.selenium.remote.RemoteWebDriver.execute(RemoteWebDriver.java:596)
at org.openqa.selenium.remote.RemoteWebDriver.close(RemoteWebDriver.java:406)
at urBuddi.Tests.Test003_Add_Edit_Delete_EmployeeWithEmployeeRoleTestSpec.close(Test003_Add_Edit_Delete_EmployeeWithEmployeeRoleTestSpec.java:87)
... Removed 29 stack frames]]>
    </failure>
  </testcase> <!-- @AfterTest close -->
  <testcase classname="urBuddi.Tests.Test004_Add_Edit_Delete_EmployeeWithAdminRoleTestSpec" name="@AfterTest close" time="-1.739853770608E9">
    <skipped/>
  </testcase> <!-- @AfterTest close -->
  <testcase classname="urBuddi.Tests.Test005_Add_Edit_Delete_EmployeeWithHRRole" name="@AfterTest close" time="-1.739853770612E9">
    <skipped/>
  </testcase> <!-- @AfterTest close -->
  <testcase classname="urBuddi.Tests.Test006_Add_Edit_Delete_EmployeeWithLeadRole" name="@AfterTest close" time="-1.739853770612E9">
    <skipped/>
  </testcase> <!-- @AfterTest close -->
  <testcase classname="urBuddi.Tests.Test007_Add_Edit_Delete_EmployeeWithDegreeQualification" name="@AfterTest close" time="-1.739853770612E9">
    <skipped/>
  </testcase> <!-- @AfterTest close -->
  <testcase classname="urBuddi.Tests.Test008_Add_Edit_Delete_EmployeeWithBTechQualification" name="@AfterTest close" time="-1.739853770612E9">
    <skipped/>
  </testcase> <!-- @AfterTest close -->
  <testcase classname="urBuddi.Tests.Test009_Add_Edit_Delete_EmployeeWithPGQualification" name="@AfterTest close" time="-1.739853770612E9">
    <skipped/>
  </testcase> <!-- @AfterTest close -->
  <testcase classname="urBuddi.Tests.Test010_Add_Edit_Delete_EmployeeWithOtherQualification" name="@AfterTest close" time="-1.739853770612E9">
    <skipped/>
  </testcase> <!-- @AfterTest close -->
  <testcase classname="urBuddi.Tests.Test_Apply_Cancel_LeaveTestSpec" name="@AfterTest close" time="-1.739853770612E9">
    <skipped/>
  </testcase> <!-- @AfterTest close -->
  <testcase classname="urBuddi.Tests.Test_Apply_Cancel_LeaveTestSpec" name="verifyApplyAndCancelLeaveIsSuccessful" time="6.928"/>
  <testcase classname="urBuddi.Tests.Test001_LoginTestSpec" name="verifyLoginIsSuccess" time="1.774"/>
  <testcase classname="urBuddi.Tests.Test003_Add_Edit_Delete_EmployeeWithEmployeeRoleTestSpec" name="verifyAddEditDeleteEmployeeWithAdminRoleIsSuccessful" time="11.721"/>
  <testcase classname="urBuddi.Tests.Test004_Add_Edit_Delete_EmployeeWithAdminRoleTestSpec" name="verifyAddEditDeleteEmployeeWithAdminRoleIsSuccessful" time="14.184"/>
  <testcase classname="urBuddi.Tests.Test005_Add_Edit_Delete_EmployeeWithHRRole" name="verifyAddEditDeleteEmployeeWithHRRoleIsSuccessful" time="11.255"/>
  <testcase classname="urBuddi.Tests.Test006_Add_Edit_Delete_EmployeeWithLeadRole" name="verifyAddEditDeleteEmployeeWithLeadRoleIsSuccessful" time="12.505"/>
  <testcase classname="urBuddi.Tests.Test007_Add_Edit_Delete_EmployeeWithDegreeQualification" name="verifyAddEditDeleteEmployeeWithDegreeQualificationIsSuccessful" time="13.183"/>
  <testcase classname="urBuddi.Tests.Test008_Add_Edit_Delete_EmployeeWithBTechQualification" name="verifyAddEditDeleteEmployeeWithBTechQualificationIsSuccessful" time="11.922"/>
  <testcase classname="urBuddi.Tests.Test009_Add_Edit_Delete_EmployeeWithPGQualification" name="verifyAddEditDeleteEmployeeWithPGQualificationIsSuccessful" time="12.451"/>
  <testcase classname="urBuddi.Tests.Test010_Add_Edit_Delete_EmployeeWithOtherQualification" name="verifyAddEditDeleteEmployeeWithPGQualificationIsSuccessful" time="15.082"/>
</testsuite> <!-- UrBuddi Testspecs -->
